[INFO] Scanning for projects...
[INFO] 
[INFO] --------------------< org.acme:tp-pattern-geometry >--------------------
[INFO] Building tp-pattern-geometry 0.1.0-SNAPSHOT
[INFO] --------------------------------[ jar ]---------------------------------
[INFO] 
[INFO] --- maven-clean-plugin:2.5:clean (default-clean) @ tp-pattern-geometry ---
[INFO] Deleting /mnt/data/workspaces/workspace_formation/tp-geometry-check/data/VictorienO/tp-pattern-geometry/target
[INFO] 
[INFO] --- jacoco-maven-plugin:0.8.6:prepare-agent (default) @ tp-pattern-geometry ---
[INFO] argLine set to -javaagent:/home/MBorne/.m2/repository/org/jacoco/org.jacoco.agent/0.8.6/org.jacoco.agent-0.8.6-runtime.jar=destfile=/mnt/data/workspaces/workspace_formation/tp-geometry-check/data/VictorienO/tp-pattern-geometry/target/jacoco.exec
[INFO] 
[INFO] --- maven-resources-plugin:2.6:resources (default-resources) @ tp-pattern-geometry ---
[INFO] Using 'UTF-8' encoding to copy filtered resources.
[INFO] skip non existing resourceDirectory /mnt/data/workspaces/workspace_formation/tp-geometry-check/data/VictorienO/tp-pattern-geometry/src/main/resources
[INFO] 
[INFO] --- maven-compiler-plugin:3.1:compile (default-compile) @ tp-pattern-geometry ---
[INFO] Changes detected - recompiling the module!
[INFO] Compiling 11 source files to /mnt/data/workspaces/workspace_formation/tp-geometry-check/data/VictorienO/tp-pattern-geometry/target/classes
[INFO] 
[INFO] --- maven-resources-plugin:2.6:testResources (default-testResources) @ tp-pattern-geometry ---
[INFO] Using 'UTF-8' encoding to copy filtered resources.
[INFO] skip non existing resourceDirectory /mnt/data/workspaces/workspace_formation/tp-geometry-check/data/VictorienO/tp-pattern-geometry/src/test/resources
[INFO] 
[INFO] --- maven-compiler-plugin:3.1:testCompile (default-testCompile) @ tp-pattern-geometry ---
[INFO] Changes detected - recompiling the module!
[INFO] Compiling 7 source files to /mnt/data/workspaces/workspace_formation/tp-geometry-check/data/VictorienO/tp-pattern-geometry/target/test-classes
[INFO] 
[INFO] --- maven-surefire-plugin:2.12.4:test (default-test) @ tp-pattern-geometry ---
[INFO] Surefire report directory: /mnt/data/workspaces/workspace_formation/tp-geometry-check/data/VictorienO/tp-pattern-geometry/target/surefire-reports

-------------------------------------------------------
 T E S T S
-------------------------------------------------------
Running org.acme.geometry.LineStringTest
Tests run: 5, Failures: 0, Errors: 0, Skipped: 0, Time elapsed: 0.095 sec
Running org.acme.geometry.PointTest
Tests run: 5, Failures: 0, Errors: 0, Skipped: 0, Time elapsed: 0 sec
Running org.acme.geometry.WktWriterTest
Tests run: 2, Failures: 0, Errors: 0, Skipped: 0, Time elapsed: 0 sec
Running org.acme.geometry.GeometryVisitorTest
Tests run: 4, Failures: 0, Errors: 0, Skipped: 0, Time elapsed: 0.004 sec
Running org.acme.geometry.EnveloppeTest
Tests run: 6, Failures: 0, Errors: 0, Skipped: 0, Time elapsed: 0.003 sec
Running org.acme.geometry.WktVisitorTest
Tests run: 4, Failures: 0, Errors: 0, Skipped: 0, Time elapsed: 0.003 sec
Running org.acme.geometry.CoordinateTest
Tests run: 2, Failures: 0, Errors: 0, Skipped: 0, Time elapsed: 0.003 sec

Results :

Tests run: 28, Failures: 0, Errors: 0, Skipped: 0

[INFO] 
[INFO] --- maven-jar-plugin:2.4:jar (default-jar) @ tp-pattern-geometry ---
[INFO] Building jar: /mnt/data/workspaces/workspace_formation/tp-geometry-check/data/VictorienO/tp-pattern-geometry/target/tp-pattern-geometry-0.1.0-SNAPSHOT.jar
[INFO] 
[INFO] --- jacoco-maven-plugin:0.8.6:report (default-cli) @ tp-pattern-geometry ---
[INFO] Loading execution data file /mnt/data/workspaces/workspace_formation/tp-geometry-check/data/VictorienO/tp-pattern-geometry/target/jacoco.exec
[INFO] Analyzed bundle 'tp-pattern-geometry' with 9 classes
[INFO] ------------------------------------------------------------------------
[INFO] BUILD SUCCESS
[INFO] ------------------------------------------------------------------------
[INFO] Total time:  2.917 s
[INFO] Finished at: 2023-12-20T14:53:51+01:00
[INFO] ------------------------------------------------------------------------
